# JRE version: OpenJDK Runtime Environment (21.0.4) (build 21.0.4+-12508038-b607.1)
# Java VM: OpenJDK 64-Bit Server VM (21.0.4+-12508038-b607.1, mixed mode, tiered, compressed oops, compressed class ptrs, g1 gc, windows-amd64)
GC Precious Log:
 CardTable entry size: 512
 Card Set container configuration: InlinePtr #cards 5 size 8 Array Of Cards #cards 12 size 40 Howl #buckets 4 coarsen threshold 1843 Howl Bitmap #cards 512 size 80 coarsen threshold 460 Card regions per heap region 1 cards per card region 2048
 CPUs: 16 total, 16 available
 Memory: 16171M
 Large Page Support: Disabled
 NUMA Support: Disabled
 Compressed Oops: Enabled (32-bit)
 Heap Region Size: 1M
 Heap Min Capacity: 8M
 Heap Initial Capacity: 254M
 Heap Max Capacity: 2G
 Pre-touch: Disabled
 Parallel Workers: 13
 Concurrent Workers: 3
 Concurrent Refinement Workers: 13
 Periodic GC: Disabled
Heap:
 garbage-first heap   total 304128K, used 162816K [0x0000000080000000, 0x0000000100000000)
  region size 1024K, 26 young (26624K), 18 survivors (18432K)
 Metaspace       used 64838K, committed 66368K, reserved 491520K
  class space    used 8710K, committed 9472K, reserved 425984K
GC Heap History (20 events):
Event: 6.412 GC heap after
{Heap after GC invocations=34 (full 0):
 garbage-first heap   total 206848K, used 86916K [0x0000000080000000, 0x0000000100000000)
  region size 1024K, 5 young (5120K), 5 survivors (5120K)
 Metaspace       used 63937K, committed 65408K, reserved 491520K
  class space    used 8635K, committed 9344K, reserved 425984K
}
Event: 6.593 GC heap before
{Heap before GC invocations=35 (full 0):
 garbage-first heap   total 206848K, used 189316K [0x0000000080000000, 0x0000000100000000)
  region size 1024K, 105 young (107520K), 5 survivors (5120K)
 Metaspace       used 63940K, committed 65408K, reserved 491520K
  class space    used 8637K, committed 9344K, reserved 425984K
}
Event: 6.596 GC heap after
{Heap after GC invocations=36 (full 0):
 garbage-first heap   total 206848K, used 88162K [0x0000000080000000, 0x0000000100000000)
  region size 1024K, 6 young (6144K), 6 survivors (6144K)
 Metaspace       used 63940K, committed 65408K, reserved 491520K
  class space    used 8637K, committed 9344K, reserved 425984K
}
Event: 6.724 GC heap before
{Heap before GC invocations=36 (full 0):
 garbage-first heap   total 206848K, used 188514K [0x0000000080000000, 0x0000000100000000)
  region size 1024K, 104 young (106496K), 6 survivors (6144K)
 Metaspace       used 63941K, committed 65408K, reserved 491520K
  class space    used 8638K, committed 9344K, reserved 425984K
}
Event: 6.728 GC heap after
{Heap after GC invocations=37 (full 0):
 garbage-first heap   total 206848K, used 87880K [0x0000000080000000, 0x0000000100000000)
  region size 1024K, 8 young (8192K), 8 survivors (8192K)
 Metaspace       used 63941K, committed 65408K, reserved 491520K
  class space    used 8638K, committed 9344K, reserved 425984K
}
Event: 6.816 GC heap before
{Heap before GC invocations=37 (full 0):
 garbage-first heap   total 206848K, used 186184K [0x0000000080000000, 0x0000000100000000)
  region size 1024K, 104 young (106496K), 8 survivors (8192K)
 Metaspace       used 63942K, committed 65408K, reserved 491520K
  class space    used 8638K, committed 9344K, reserved 425984K
}
Event: 6.820 GC heap after
{Heap after GC invocations=38 (full 0):
 garbage-first heap   total 206848K, used 88849K [0x0000000080000000, 0x0000000100000000)
  region size 1024K, 9 young (9216K), 9 survivors (9216K)
 Metaspace       used 63942K, committed 65408K, reserved 491520K
  class space    used 8638K, committed 9344K, reserved 425984K
}
Event: 6.909 GC heap before
{Heap before GC invocations=39 (full 0):
 garbage-first heap   total 206848K, used 185105K [0x0000000080000000, 0x0000000100000000)
  region size 1024K, 103 young (105472K), 9 survivors (9216K)
 Metaspace       used 63942K, committed 65408K, reserved 491520K
  class space    used 8638K, committed 9344K, reserved 425984K
}
Event: 6.914 GC heap after
{Heap after GC invocations=40 (full 0):
 garbage-first heap   total 206848K, used 89981K [0x0000000080000000, 0x0000000100000000)
  region size 1024K, 8 young (8192K), 8 survivors (8192K)
 Metaspace       used 63942K, committed 65408K, reserved 491520K
  class space    used 8638K, committed 9344K, reserved 425984K
}
Event: 7.252 GC heap before
{Heap before GC invocations=40 (full 0):
 garbage-first heap   total 206848K, used 188285K [0x0000000080000000, 0x0000000100000000)
  region size 1024K, 102 young (104448K), 8 survivors (8192K)
 Metaspace       used 64075K, committed 65600K, reserved 491520K
  class space    used 8657K, committed 9408K, reserved 425984K
}
Event: 7.255 GC heap after
{Heap after GC invocations=41 (full 0):
 garbage-first heap   total 262144K, used 83340K [0x0000000080000000, 0x0000000100000000)
  region size 1024K, 3 young (3072K), 3 survivors (3072K)
 Metaspace       used 64075K, committed 65600K, reserved 491520K
  class space    used 8657K, committed 9408K, reserved 425984K
}
Event: 7.388 GC heap before
{Heap before GC invocations=41 (full 0):
 garbage-first heap   total 262144K, used 192908K [0x0000000080000000, 0x0000000100000000)
  region size 1024K, 111 young (113664K), 3 survivors (3072K)
 Metaspace       used 64118K, committed 65664K, reserved 491520K
  class space    used 8660K, committed 9408K, reserved 425984K
}
Event: 7.389 GC heap after
{Heap after GC invocations=42 (full 0):
 garbage-first heap   total 262144K, used 80033K [0x0000000080000000, 0x0000000100000000)
  region size 1024K, 2 young (2048K), 2 survivors (2048K)
 Metaspace       used 64118K, committed 65664K, reserved 491520K
  class space    used 8660K, committed 9408K, reserved 425984K
}
Event: 7.672 GC heap before
{Heap before GC invocations=43 (full 0):
 garbage-first heap   total 262144K, used 242849K [0x0000000080000000, 0x0000000100000000)
  region size 1024K, 153 young (156672K), 2 survivors (2048K)
 Metaspace       used 64723K, committed 66240K, reserved 491520K
  class space    used 8708K, committed 9472K, reserved 425984K
}
Event: 7.675 GC heap after
{Heap after GC invocations=44 (full 0):
 garbage-first heap   total 262144K, used 94156K [0x0000000080000000, 0x0000000100000000)
  region size 1024K, 7 young (7168K), 7 survivors (7168K)
 Metaspace       used 64723K, committed 66240K, reserved 491520K
  class space    used 8708K, committed 9472K, reserved 425984K
}
Event: 7.804 GC heap before
{Heap before GC invocations=44 (full 0):
 garbage-first heap   total 262144K, used 239564K [0x0000000080000000, 0x0000000100000000)
  region size 1024K, 149 young (152576K), 7 survivors (7168K)
 Metaspace       used 64740K, committed 66304K, reserved 491520K
  class space    used 8709K, committed 9472K, reserved 425984K
}
Event: 7.808 GC heap after
{Heap after GC invocations=45 (full 0):
 garbage-first heap   total 262144K, used 100294K [0x0000000080000000, 0x0000000100000000)
  region size 1024K, 15 young (15360K), 15 survivors (15360K)
 Metaspace       used 64740K, committed 66304K, reserved 491520K
  class space    used 8709K, committed 9472K, reserved 425984K
}
Event: 7.921 GC heap before
{Heap before GC invocations=45 (full 0):
 garbage-first heap   total 262144K, used 232390K [0x0000000080000000, 0x0000000100000000)
  region size 1024K, 144 young (147456K), 15 survivors (15360K)
 Metaspace       used 64743K, committed 66304K, reserved 491520K
  class space    used 8709K, committed 9472K, reserved 425984K
}
Event: 7.926 GC heap after
{Heap after GC invocations=46 (full 0):
 garbage-first heap   total 262144K, used 105791K [0x0000000080000000, 0x0000000100000000)
  region size 1024K, 14 young (14336K), 14 survivors (14336K)
 Metaspace       used 64743K, committed 66304K, reserved 491520K
  class space    used 8709K, committed 9472K, reserved 425984K
}
Event: 8.118 GC heap before
{Heap before GC invocations=47 (full 0):
 garbage-first heap   total 262144K, used 237887K [0x0000000080000000, 0x0000000100000000)
  region size 1024K, 138 young (141312K), 14 survivors (14336K)
 Metaspace       used 64838K, committed 66368K, reserved 491520K
  class space    used 8710K, committed 9472K, reserved 425984K
}

